Using pre-set license
Built from '2020.3/staging' branch; Version is '2020.3.25f1 (9b9180224418) revision 10195328'; Using compiler version '192528614'; Build Type 'Release'
OS: 'Windows 10  (10.0.19043) 64bit Professional' Language: 'en' Physical Memory: 16335 MB
BatchMode: 1, IsHumanControllingUs: 0, StartBugReporterOnCrash: 0, Is64bit: 1, IsPro: 0

COMMAND LINE ARGUMENTS:
C:\Program Files\Unity\Hub\Editor\2020.3.25f1\Editor\Unity.exe
-adb2
-batchMode
-noUpm
-name
AssetImportWorker0
-projectPath
D:/Users/Ralph/Desktop/SummativeAssessment/SummativeAssessment
-logFile
Logs/AssetImportWorker0.log
-srvPort
51434
Successfully changed project path to: D:/Users/Ralph/Desktop/SummativeAssessment/SummativeAssessment
D:/Users/Ralph/Desktop/SummativeAssessment/SummativeAssessment
Using Asset Import Pipeline V2.
Refreshing native plugins compatible for Editor in 26.95 ms, found 2 plugins.
Preloading 0 native plugins for Editor in 0.00 ms.
Initialize engine version: 2020.3.25f1 (9b9180224418)
[Subsystems] Discovering subsystems at path C:/Program Files/Unity/Hub/Editor/2020.3.25f1/Editor/Data/Resources/UnitySubsystems
[Subsystems] Discovering subsystems at path D:/Users/Ralph/Desktop/SummativeAssessment/SummativeAssessment/Assets
GfxDevice: creating device client; threaded=0
Direct3D:
    Version:  Direct3D 11.0 [level 11.1]
    Renderer: Radeon RX 570 Series (ID=0x67df)
    Vendor:   
    VRAM:     8171 MB
    Driver:   30.0.13025.5005
Initialize mono
Mono path[0] = 'C:/Program Files/Unity/Hub/Editor/2020.3.25f1/Editor/Data/Managed'
Mono path[1] = 'C:/Program Files/Unity/Hub/Editor/2020.3.25f1/Editor/Data/MonoBleedingEdge/lib/mono/unityjit'
Mono config path = 'C:/Program Files/Unity/Hub/Editor/2020.3.25f1/Editor/Data/MonoBleedingEdge/etc'
Using monoOptions --debugger-agent=transport=dt_socket,embedding=1,server=y,suspend=n,address=127.0.0.1:56672
Begin MonoManager ReloadAssembly
Registering precompiled unity dll's ...
Register platform support module: C:/Program Files/Unity/Hub/Editor/2020.3.25f1/Editor/Data/PlaybackEngines/WebGLSupport/UnityEditor.WebGL.Extensions.dll
Register platform support module: C:/Program Files/Unity/Hub/Editor/2020.3.25f1/Editor/Data/PlaybackEngines/WindowsStandaloneSupport/UnityEditor.WindowsStandalone.Extensions.dll
Registered in 0.002055 seconds.
Native extension for WindowsStandalone target not found
Native extension for WebGL target not found
Refreshing native plugins compatible for Editor in 28.04 ms, found 2 plugins.
Preloading 0 native plugins for Editor in 0.00 ms.
Mono: successfully reloaded assembly
- Completed reload, in  0.495 seconds
Domain Reload Profiling:
	ReloadAssembly (495ms)
		BeginReloadAssembly (47ms)
			ExecutionOrderSort (0ms)
			DisableScriptedObjects (0ms)
			BackupInstance (0ms)
			ReleaseScriptingObjects (0ms)
			CreateAndSetChildDomain (1ms)
		EndReloadAssembly (382ms)
			LoadAssemblies (45ms)
			RebuildTransferFunctionScriptingTraits (0ms)
			SetupTypeCache (128ms)
			ReleaseScriptCaches (0ms)
			RebuildScriptCaches (27ms)
			SetupLoadedEditorAssemblies (139ms)
				LogAssemblyErrors (0ms)
				InitializePlatformSupportModulesInManaged (5ms)
				SetLoadedEditorAssemblies (0ms)
				RefreshPlugins (28ms)
				BeforeProcessingInitializeOnLoad (14ms)
				ProcessInitializeOnLoadAttributes (68ms)
				ProcessInitializeOnLoadMethodAttributes (23ms)
				AfterProcessingInitializeOnLoad (0ms)
				EditorAssembliesLoaded (0ms)
			ExecutionOrderSort2 (0ms)
			AwakeInstancesAfterBackupRestoration (0ms)
Platform modules already initialized, skipping
Registering precompiled user dll's ...
Registered in 0.002532 seconds.
Begin MonoManager ReloadAssembly
Native extension for WindowsStandalone target not found
Native extension for WebGL target not found
Refreshing native plugins compatible for Editor in 0.33 ms, found 2 plugins.
Preloading 0 native plugins for Editor in 0.00 ms.
Mono: successfully reloaded assembly
- Completed reload, in  0.901 seconds
Domain Reload Profiling:
	ReloadAssembly (901ms)
		BeginReloadAssembly (130ms)
			ExecutionOrderSort (0ms)
			DisableScriptedObjects (4ms)
			BackupInstance (0ms)
			ReleaseScriptingObjects (0ms)
			CreateAndSetChildDomain (18ms)
		EndReloadAssembly (713ms)
			LoadAssemblies (76ms)
			RebuildTransferFunctionScriptingTraits (0ms)
			SetupTypeCache (244ms)
			ReleaseScriptCaches (0ms)
			RebuildScriptCaches (36ms)
			SetupLoadedEditorAssemblies (278ms)
				LogAssemblyErrors (0ms)
				InitializePlatformSupportModulesInManaged (5ms)
				SetLoadedEditorAssemblies (0ms)
				RefreshPlugins (0ms)
				BeforeProcessingInitializeOnLoad (71ms)
				ProcessInitializeOnLoadAttributes (187ms)
				ProcessInitializeOnLoadMethodAttributes (8ms)
				AfterProcessingInitializeOnLoad (6ms)
				EditorAssembliesLoaded (0ms)
			ExecutionOrderSort2 (0ms)
			AwakeInstancesAfterBackupRestoration (6ms)
Platform modules already initialized, skipping
========================================================================
Worker process is ready to serve import requests
Launched and connected shader compiler UnityShaderCompiler.exe after 0.05 seconds
Refreshing native plugins compatible for Editor in 0.35 ms, found 2 plugins.
Preloading 0 native plugins for Editor in 0.00 ms.
Unloading 1504 Unused Serialized files (Serialized files now loaded: 0)
System memory in use before: 68.2 MB.
System memory in use after: 68.3 MB.

Unloading 19 unused Assets to reduce memory usage. Loaded Objects now: 1940.
Total: 2.588800 ms (FindLiveObjects: 0.146900 ms CreateObjectMapping: 0.031500 ms MarkObjects: 2.348800 ms  DeleteObjects: 0.060600 ms)

AssetImportParameters requested are different than current active one (requested -> active):
  custom:framework-win-MediaFoundation: 216162199b28c13a410421893ffa2e32 -> 
  custom:video-decoder-ogg-theora: a1e56fd34408186e4bbccfd4996cb3dc -> 
  custom:container-muxer-webm: aa71ff27fc2769a1b78a27578f13a17b -> 
  custom:container-demuxer-webm: 4f35f7cbe854078d1ac9338744f61a02 -> 
  custom:container-demuxer-ogg: 62fdf1f143b41e24485cea50d1cbac27 -> 
  custom:video-encoder-webm-vp8: eb34c28f22e8b96e1ab97ce403110664 -> 
  custom:video-decoder-webm-vp8: 9c59270c3fd7afecdb556c50c9e8de78 -> 
  custom:audio-decoder-ogg-vorbis: bf7c407c2cedff20999df2af8eb42d56 -> 
  custom:audio-encoder-webm-vorbis: bf7c407c2cedff20999df2af8eb42d56 -> 
========================================================================
Received Import Request.
  path: Assets/Sprites
  artifactKey: Guid(e9e469fe5cf697443ba170ecd3894109) Importer(815301076,1909f56bfc062723c751e8b465ee728b)
Start importing Assets/Sprites using Guid(e9e469fe5cf697443ba170ecd3894109) Importer(815301076,1909f56bfc062723c751e8b465ee728b)  -> (artifact id: '46530bd74e68c757ce4db003363751e1') in 0.007321 seconds 
  Import took 0.009452 seconds .

========================================================================
Received Import Request.
  Time since last request: 28.500496 seconds.
  path: Assets/Sprites/map
  artifactKey: Guid(05d5bcb73860d054e9395407dabfabf3) Importer(815301076,1909f56bfc062723c751e8b465ee728b)
Start importing Assets/Sprites/map using Guid(05d5bcb73860d054e9395407dabfabf3) Importer(815301076,1909f56bfc062723c751e8b465ee728b)  -> (artifact id: '9c6f6773fc0fa07759735f1511611527') in 0.001864 seconds 
  Import took 0.004235 seconds .

========================================================================
Received Import Request.
  Time since last request: 0.957100 seconds.
  path: Assets/Sprites/map/block.png
  artifactKey: Guid(70764af7faa8aa142bf7625ff17cd90c) Importer(815301076,1909f56bfc062723c751e8b465ee728b)
Start importing Assets/Sprites/map/block.png using Guid(70764af7faa8aa142bf7625ff17cd90c) Importer(815301076,1909f56bfc062723c751e8b465ee728b)  -> (artifact id: '4c7950b05e69e0caad730a697d75330b') in 0.072174 seconds 
  Import took 0.074439 seconds .

========================================================================
Received Import Request.
  Time since last request: 0.000182 seconds.
  path: Assets/Sprites/map/bmap.png
  artifactKey: Guid(ba1c3b5ea19a8b04fac749ad4f0232c5) Importer(815301076,1909f56bfc062723c751e8b465ee728b)
Start importing Assets/Sprites/map/bmap.png using Guid(ba1c3b5ea19a8b04fac749ad4f0232c5) Importer(815301076,1909f56bfc062723c751e8b465ee728b)  -> (artifact id: '2d43bbfaffa24996263e6de7f9d24a9c') in 0.007087 seconds 
  Import took 0.009589 seconds .

========================================================================
Received Import Request.
  Time since last request: 0.000218 seconds.
  path: Assets/Sprites/map/bomb.png
  artifactKey: Guid(d6293d38fbe0f4847b79387b541cb8df) Importer(815301076,1909f56bfc062723c751e8b465ee728b)
Start importing Assets/Sprites/map/bomb.png using Guid(d6293d38fbe0f4847b79387b541cb8df) Importer(815301076,1909f56bfc062723c751e8b465ee728b)  -> (artifact id: '4137cc7edb2aede7922b4f93790840bc') in 0.005716 seconds 
  Import took 0.007933 seconds .

========================================================================
Received Import Request.
  Time since last request: 0.000176 seconds.
  path: Assets/Sprites/map/explosion.png
  artifactKey: Guid(6d4ef6a40f41761479ede329b2d52d8c) Importer(815301076,1909f56bfc062723c751e8b465ee728b)
Start importing Assets/Sprites/map/explosion.png using Guid(6d4ef6a40f41761479ede329b2d52d8c) Importer(815301076,1909f56bfc062723c751e8b465ee728b)  -> (artifact id: '027d655336884c90b2ffdc3db9d5a911') in 0.009034 seconds 
  Import took 0.011287 seconds .

========================================================================
Received Import Request.
  Time since last request: 0.000180 seconds.
  path: Assets/Sprites/map/door.png
  artifactKey: Guid(afc9502d386ab1640974e785cabb9735) Importer(815301076,1909f56bfc062723c751e8b465ee728b)
Start importing Assets/Sprites/map/door.png using Guid(afc9502d386ab1640974e785cabb9735) Importer(815301076,1909f56bfc062723c751e8b465ee728b)  -> (artifact id: '373dedf639e1aa8265c0196c15b7c5aa') in 0.006326 seconds 
  Import took 0.008590 seconds .

========================================================================
Received Import Request.
  Time since last request: 10.487135 seconds.
  path: Assets/Sprites/map/block.png
  artifactKey: Guid(70764af7faa8aa142bf7625ff17cd90c) Importer(815301076,1909f56bfc062723c751e8b465ee728b)
Start importing Assets/Sprites/map/block.png using Guid(70764af7faa8aa142bf7625ff17cd90c) Importer(815301076,1909f56bfc062723c751e8b465ee728b)  -> (artifact id: '321c45b4aa27bf96c33a29535be90943') in 0.036805 seconds 
  Import took 0.039117 seconds .

========================================================================
Received Import Request.
  Time since last request: 37.314850 seconds.
  path: Assets/Prefabs/Brick1.prefab
  artifactKey: Guid(b828c75a81c74e74e904ca8c35e887f8) Importer(815301076,1909f56bfc062723c751e8b465ee728b)
Start importing Assets/Prefabs/Brick1.prefab using Guid(b828c75a81c74e74e904ca8c35e887f8) Importer(815301076,1909f56bfc062723c751e8b465ee728b)  -> (artifact id: '32026003d9ba45023073e3510697f27f') in 0.040279 seconds 
  Import took 0.042728 seconds .

========================================================================
Received Import Request.
  Time since last request: 0.000154 seconds.
  path: Assets/Prefabs/Level3.prefab
  artifactKey: Guid(9acb26ae69b4fdd49a9f735a4a15a02d) Importer(815301076,1909f56bfc062723c751e8b465ee728b)
Start importing Assets/Prefabs/Level3.prefab using Guid(9acb26ae69b4fdd49a9f735a4a15a02d) Importer(815301076,1909f56bfc062723c751e8b465ee728b)  -> (artifact id: '23b5d4fe85b9ea9d046f41704460f096') in 0.044894 seconds 
  Import took 0.048302 seconds .

========================================================================
Received Import Request.
  Time since last request: 0.000162 seconds.
  path: Assets/Prefabs/Level2.prefab
  artifactKey: Guid(fe605803b4f985848b0e441e51eb0a7e) Importer(815301076,1909f56bfc062723c751e8b465ee728b)
Start importing Assets/Prefabs/Level2.prefab using Guid(fe605803b4f985848b0e441e51eb0a7e) Importer(815301076,1909f56bfc062723c751e8b465ee728b)  -> (artifact id: 'f090c4f61c624756d0cbc08e89acdea4') in 0.050129 seconds 
  Import took 0.054019 seconds .

========================================================================
Received Import Request.
  Time since last request: 0.000218 seconds.
  path: Assets/Prefabs/level0.prefab
  artifactKey: Guid(c6c1ae4366aee1b4bba1adad07f3d726) Importer(815301076,1909f56bfc062723c751e8b465ee728b)
Start importing Assets/Prefabs/level0.prefab using Guid(c6c1ae4366aee1b4bba1adad07f3d726) Importer(815301076,1909f56bfc062723c751e8b465ee728b)  -> (artifact id: 'b78515f23eeb00ca9ac9b99b654523af') in 0.010852 seconds 
  Import took 0.013423 seconds .

========================================================================
Received Import Request.
  Time since last request: 0.000208 seconds.
  path: Assets/Prefabs/Level1.prefab
  artifactKey: Guid(964bafc910adde144925e72026bb6829) Importer(815301076,1909f56bfc062723c751e8b465ee728b)
Start importing Assets/Prefabs/Level1.prefab using Guid(964bafc910adde144925e72026bb6829) Importer(815301076,1909f56bfc062723c751e8b465ee728b)  -> (artifact id: 'd2ab0ac0440681c7478df6a5d4c38a30') in 0.025892 seconds 
  Import took 0.028999 seconds .

========================================================================
Received Import Request.
  Time since last request: 42.811103 seconds.
  path: Assets/Prefabs/Brick1.prefab
  artifactKey: Guid(b828c75a81c74e74e904ca8c35e887f8) Importer(815301076,1909f56bfc062723c751e8b465ee728b)
Start importing Assets/Prefabs/Brick1.prefab using Guid(b828c75a81c74e74e904ca8c35e887f8) Importer(815301076,1909f56bfc062723c751e8b465ee728b)  -> (artifact id: 'f932a0dfe83bd90c34bff0db0a585904') in 0.006702 seconds 
  Import took 0.009270 seconds .

========================================================================
Received Import Request.
  Time since last request: 0.000170 seconds.
  path: Assets/Prefabs/Level3.prefab
  artifactKey: Guid(9acb26ae69b4fdd49a9f735a4a15a02d) Importer(815301076,1909f56bfc062723c751e8b465ee728b)
Start importing Assets/Prefabs/Level3.prefab using Guid(9acb26ae69b4fdd49a9f735a4a15a02d) Importer(815301076,1909f56bfc062723c751e8b465ee728b)  -> (artifact id: 'b7979071a8695b12d8dfca3f25151f12') in 0.032896 seconds 
  Import took 0.036713 seconds .

========================================================================
Received Import Request.
  Time since last request: 0.000184 seconds.
  path: Assets/Prefabs/Level2.prefab
  artifactKey: Guid(fe605803b4f985848b0e441e51eb0a7e) Importer(815301076,1909f56bfc062723c751e8b465ee728b)
Start importing Assets/Prefabs/Level2.prefab using Guid(fe605803b4f985848b0e441e51eb0a7e) Importer(815301076,1909f56bfc062723c751e8b465ee728b)  -> (artifact id: '055c5d257796ef6eb533ad437934debc') in 0.038129 seconds 
  Import took 0.041830 seconds .

========================================================================
Received Import Request.
  Time since last request: 0.000176 seconds.
  path: Assets/Prefabs/level0.prefab
  artifactKey: Guid(c6c1ae4366aee1b4bba1adad07f3d726) Importer(815301076,1909f56bfc062723c751e8b465ee728b)
Start importing Assets/Prefabs/level0.prefab using Guid(c6c1ae4366aee1b4bba1adad07f3d726) Importer(815301076,1909f56bfc062723c751e8b465ee728b)  -> (artifact id: '4d2c9e1a1e49cfae23231dfcaf3bb17f') in 0.007699 seconds 
  Import took 0.009934 seconds .

========================================================================
Received Import Request.
  Time since last request: 0.000158 seconds.
  path: Assets/Prefabs/Level1.prefab
  artifactKey: Guid(964bafc910adde144925e72026bb6829) Importer(815301076,1909f56bfc062723c751e8b465ee728b)
Start importing Assets/Prefabs/Level1.prefab using Guid(964bafc910adde144925e72026bb6829) Importer(815301076,1909f56bfc062723c751e8b465ee728b)  -> (artifact id: '38d83ebd44399fa5777e36e4b5ec594c') in 0.018872 seconds 
  Import took 0.021905 seconds .

========================================================================
Received Prepare
Registering precompiled user dll's ...
Registered in 0.002469 seconds.
Begin MonoManager ReloadAssembly
Native extension for WindowsStandalone target not found
Native extension for WebGL target not found
Refreshing native plugins compatible for Editor in 0.34 ms, found 2 plugins.
Preloading 0 native plugins for Editor in 0.00 ms.
Mono: successfully reloaded assembly
- Completed reload, in  0.791 seconds
Domain Reload Profiling:
	ReloadAssembly (792ms)
		BeginReloadAssembly (100ms)
			ExecutionOrderSort (0ms)
			DisableScriptedObjects (3ms)
			BackupInstance (0ms)
			ReleaseScriptingObjects (0ms)
			CreateAndSetChildDomain (27ms)
		EndReloadAssembly (638ms)
			LoadAssemblies (69ms)
			RebuildTransferFunctionScriptingTraits (0ms)
			SetupTypeCache (224ms)
			ReleaseScriptCaches (1ms)
			RebuildScriptCaches (32ms)
			SetupLoadedEditorAssemblies (234ms)
				LogAssemblyErrors (0ms)
				InitializePlatformSupportModulesInManaged (5ms)
				SetLoadedEditorAssemblies (0ms)
				RefreshPlugins (0ms)
				BeforeProcessingInitializeOnLoad (63ms)
				ProcessInitializeOnLoadAttributes (153ms)
				ProcessInitializeOnLoadMethodAttributes (7ms)
				AfterProcessingInitializeOnLoad (5ms)
				EditorAssembliesLoaded (0ms)
			ExecutionOrderSort2 (0ms)
			AwakeInstancesAfterBackupRestoration (5ms)
Platform modules already initialized, skipping
Refreshing native plugins compatible for Editor in 0.35 ms, found 2 plugins.
Preloading 0 native plugins for Editor in 0.00 ms.
Unloading 1498 Unused Serialized files (Serialized files now loaded: 0)
System memory in use before: 72.4 MB.
System memory in use after: 72.5 MB.

Unloading 14 unused Assets to reduce memory usage. Loaded Objects now: 1956.
Total: 2.541100 ms (FindLiveObjects: 0.129200 ms CreateObjectMapping: 0.031700 ms MarkObjects: 2.366600 ms  DeleteObjects: 0.012700 ms)

AssetImportParameters requested are different than current active one (requested -> active):
  custom:framework-win-MediaFoundation: 216162199b28c13a410421893ffa2e32 -> 
  custom:video-decoder-ogg-theora: a1e56fd34408186e4bbccfd4996cb3dc -> 
  custom:container-muxer-webm: aa71ff27fc2769a1b78a27578f13a17b -> 
  custom:container-demuxer-webm: 4f35f7cbe854078d1ac9338744f61a02 -> 
  custom:container-demuxer-ogg: 62fdf1f143b41e24485cea50d1cbac27 -> 
  custom:video-encoder-webm-vp8: eb34c28f22e8b96e1ab97ce403110664 -> 
  custom:video-decoder-webm-vp8: 9c59270c3fd7afecdb556c50c9e8de78 -> 
  custom:audio-decoder-ogg-vorbis: bf7c407c2cedff20999df2af8eb42d56 -> 
  custom:audio-encoder-webm-vorbis: bf7c407c2cedff20999df2af8eb42d56 -> 
========================================================================
Received Import Request.
  Time since last request: 85.744320 seconds.
  path: Assets/Prefabs/level0.prefab
  artifactKey: Guid(c6c1ae4366aee1b4bba1adad07f3d726) Importer(815301076,1909f56bfc062723c751e8b465ee728b)
Start importing Assets/Prefabs/level0.prefab using Guid(c6c1ae4366aee1b4bba1adad07f3d726) Importer(815301076,1909f56bfc062723c751e8b465ee728b)  -> (artifact id: '19bae1ab21df7f9e78f78491980caead') in 0.052932 seconds 
  Import took 0.055479 seconds .

========================================================================
Received Prepare
Registering precompiled user dll's ...
Registered in 0.002632 seconds.
Begin MonoManager ReloadAssembly
Native extension for WindowsStandalone target not found
Native extension for WebGL target not found
Refreshing native plugins compatible for Editor in 0.33 ms, found 2 plugins.
Preloading 0 native plugins for Editor in 0.00 ms.
Mono: successfully reloaded assembly
- Completed reload, in  0.801 seconds
Domain Reload Profiling:
	ReloadAssembly (802ms)
		BeginReloadAssembly (102ms)
			ExecutionOrderSort (0ms)
			DisableScriptedObjects (5ms)
			BackupInstance (0ms)
			ReleaseScriptingObjects (0ms)
			CreateAndSetChildDomain (29ms)
		EndReloadAssembly (646ms)
			LoadAssemblies (71ms)
			RebuildTransferFunctionScriptingTraits (0ms)
			SetupTypeCache (229ms)
			ReleaseScriptCaches (1ms)
			RebuildScriptCaches (32ms)
			SetupLoadedEditorAssemblies (234ms)
				LogAssemblyErrors (0ms)
				InitializePlatformSupportModulesInManaged (4ms)
				SetLoadedEditorAssemblies (0ms)
				RefreshPlugins (0ms)
				BeforeProcessingInitializeOnLoad (61ms)
				ProcessInitializeOnLoadAttributes (156ms)
				ProcessInitializeOnLoadMethodAttributes (7ms)
				AfterProcessingInitializeOnLoad (5ms)
				EditorAssembliesLoaded (0ms)
			ExecutionOrderSort2 (0ms)
			AwakeInstancesAfterBackupRestoration (5ms)
Platform modules already initialized, skipping
Refreshing native plugins compatible for Editor in 0.34 ms, found 2 plugins.
Preloading 0 native plugins for Editor in 0.00 ms.
Unloading 1498 Unused Serialized files (Serialized files now loaded: 0)
System memory in use before: 72.4 MB.
System memory in use after: 72.6 MB.

Unloading 14 unused Assets to reduce memory usage. Loaded Objects now: 1959.
Total: 2.424100 ms (FindLiveObjects: 0.126900 ms CreateObjectMapping: 0.031800 ms MarkObjects: 2.250500 ms  DeleteObjects: 0.014100 ms)

AssetImportParameters requested are different than current active one (requested -> active):
  custom:framework-win-MediaFoundation: 216162199b28c13a410421893ffa2e32 -> 
  custom:video-decoder-ogg-theora: a1e56fd34408186e4bbccfd4996cb3dc -> 
  custom:container-muxer-webm: aa71ff27fc2769a1b78a27578f13a17b -> 
  custom:container-demuxer-webm: 4f35f7cbe854078d1ac9338744f61a02 -> 
  custom:container-demuxer-ogg: 62fdf1f143b41e24485cea50d1cbac27 -> 
  custom:video-encoder-webm-vp8: eb34c28f22e8b96e1ab97ce403110664 -> 
  custom:video-decoder-webm-vp8: 9c59270c3fd7afecdb556c50c9e8de78 -> 
  custom:audio-decoder-ogg-vorbis: bf7c407c2cedff20999df2af8eb42d56 -> 
  custom:audio-encoder-webm-vorbis: bf7c407c2cedff20999df2af8eb42d56 -> 
========================================================================
Received Import Request.
  Time since last request: 48.804504 seconds.
  path: Assets/Prefabs/level0.prefab
  artifactKey: Guid(c6c1ae4366aee1b4bba1adad07f3d726) Importer(815301076,1909f56bfc062723c751e8b465ee728b)
Start importing Assets/Prefabs/level0.prefab using Guid(c6c1ae4366aee1b4bba1adad07f3d726) Importer(815301076,1909f56bfc062723c751e8b465ee728b)  -> (artifact id: 'd8061e2b3d3912913e65cb25d242fd88') in 0.047768 seconds 
  Import took 0.050129 seconds .

========================================================================
Received Import Request.
  Time since last request: 2.824051 seconds.
  path: Assets/Prefabs/level0.prefab
  artifactKey: Guid(c6c1ae4366aee1b4bba1adad07f3d726) Importer(815301076,1909f56bfc062723c751e8b465ee728b)
Start importing Assets/Prefabs/level0.prefab using Guid(c6c1ae4366aee1b4bba1adad07f3d726) Importer(815301076,1909f56bfc062723c751e8b465ee728b)  -> (artifact id: 'd86df6f6dca790d337480aeb18729c26') in 0.011236 seconds 
  Import took 0.014008 seconds .

========================================================================
Received Import Request.
  Time since last request: 2.604746 seconds.
  path: Assets/Prefabs/level0.prefab
  artifactKey: Guid(c6c1ae4366aee1b4bba1adad07f3d726) Importer(815301076,1909f56bfc062723c751e8b465ee728b)
Start importing Assets/Prefabs/level0.prefab using Guid(c6c1ae4366aee1b4bba1adad07f3d726) Importer(815301076,1909f56bfc062723c751e8b465ee728b)  -> (artifact id: 'af9ba68990e714522a02a6e4df35e3f1') in 0.009973 seconds 
  Import took 0.012412 seconds .

========================================================================
Received Prepare
Registering precompiled user dll's ...
Registered in 0.002602 seconds.
Begin MonoManager ReloadAssembly
Native extension for WindowsStandalone target not found
Native extension for WebGL target not found
Refreshing native plugins compatible for Editor in 0.35 ms, found 2 plugins.
Preloading 0 native plugins for Editor in 0.00 ms.
Mono: successfully reloaded assembly
- Completed reload, in  0.824 seconds
Domain Reload Profiling:
	ReloadAssembly (824ms)
		BeginReloadAssembly (101ms)
			ExecutionOrderSort (0ms)
			DisableScriptedObjects (3ms)
			BackupInstance (0ms)
			ReleaseScriptingObjects (0ms)
			CreateAndSetChildDomain (27ms)
		EndReloadAssembly (667ms)
			LoadAssemblies (75ms)
			RebuildTransferFunctionScriptingTraits (0ms)
			SetupTypeCache (237ms)
			ReleaseScriptCaches (1ms)
			RebuildScriptCaches (33ms)
			SetupLoadedEditorAssemblies (240ms)
				LogAssemblyErrors (0ms)
				InitializePlatformSupportModulesInManaged (5ms)
				SetLoadedEditorAssemblies (0ms)
				RefreshPlugins (0ms)
				BeforeProcessingInitializeOnLoad (64ms)
				ProcessInitializeOnLoadAttributes (158ms)
				ProcessInitializeOnLoadMethodAttributes (7ms)
				AfterProcessingInitializeOnLoad (6ms)
				EditorAssembliesLoaded (0ms)
			ExecutionOrderSort2 (0ms)
			AwakeInstancesAfterBackupRestoration (5ms)
Platform modules already initialized, skipping
Refreshing native plugins compatible for Editor in 0.34 ms, found 2 plugins.
Preloading 0 native plugins for Editor in 0.00 ms.
Unloading 1498 Unused Serialized files (Serialized files now loaded: 0)
System memory in use before: 72.5 MB.
System memory in use after: 72.6 MB.

Unloading 14 unused Assets to reduce memory usage. Loaded Objects now: 1962.
Total: 2.591000 ms (FindLiveObjects: 0.134800 ms CreateObjectMapping: 0.032400 ms MarkObjects: 2.408800 ms  DeleteObjects: 0.014100 ms)

AssetImportParameters requested are different than current active one (requested -> active):
  custom:framework-win-MediaFoundation: 216162199b28c13a410421893ffa2e32 -> 
  custom:video-decoder-ogg-theora: a1e56fd34408186e4bbccfd4996cb3dc -> 
  custom:container-muxer-webm: aa71ff27fc2769a1b78a27578f13a17b -> 
  custom:container-demuxer-webm: 4f35f7cbe854078d1ac9338744f61a02 -> 
  custom:container-demuxer-ogg: 62fdf1f143b41e24485cea50d1cbac27 -> 
  custom:video-encoder-webm-vp8: eb34c28f22e8b96e1ab97ce403110664 -> 
  custom:video-decoder-webm-vp8: 9c59270c3fd7afecdb556c50c9e8de78 -> 
  custom:audio-decoder-ogg-vorbis: bf7c407c2cedff20999df2af8eb42d56 -> 
  custom:audio-encoder-webm-vorbis: bf7c407c2cedff20999df2af8eb42d56 -> 
========================================================================
Received Import Request.
  Time since last request: 34.007303 seconds.
  path: Assets/Scripts/Brick.cs
  artifactKey: Guid(909e9c0d77db42b46937e73366b01be7) Importer(815301076,1909f56bfc062723c751e8b465ee728b)
Start importing Assets/Scripts/Brick.cs using Guid(909e9c0d77db42b46937e73366b01be7) Importer(815301076,1909f56bfc062723c751e8b465ee728b)  -> (artifact id: '1f842b678e6c532603cc3b145872f743') in 0.009531 seconds 
  Import took 0.011759 seconds .

========================================================================
Received Prepare
Registering precompiled user dll's ...
Registered in 0.003066 seconds.
Begin MonoManager ReloadAssembly
Native extension for WindowsStandalone target not found
Native extension for WebGL target not found
Refreshing native plugins compatible for Editor in 0.35 ms, found 2 plugins.
Preloading 0 native plugins for Editor in 0.00 ms.
Mono: successfully reloaded assembly
- Completed reload, in  0.899 seconds
Domain Reload Profiling:
	ReloadAssembly (899ms)
		BeginReloadAssembly (98ms)
			ExecutionOrderSort (0ms)
			DisableScriptedObjects (4ms)
			BackupInstance (0ms)
			ReleaseScriptingObjects (0ms)
			CreateAndSetChildDomain (32ms)
		EndReloadAssembly (740ms)
			LoadAssemblies (81ms)
			RebuildTransferFunctionScriptingTraits (0ms)
			SetupTypeCache (282ms)
			ReleaseScriptCaches (1ms)
			RebuildScriptCaches (35ms)
			SetupLoadedEditorAssemblies (258ms)
				LogAssemblyErrors (0ms)
				InitializePlatformSupportModulesInManaged (5ms)
				SetLoadedEditorAssemblies (0ms)
				RefreshPlugins (0ms)
				BeforeProcessingInitializeOnLoad (66ms)
				ProcessInitializeOnLoadAttributes (172ms)
				ProcessInitializeOnLoadMethodAttributes (7ms)
				AfterProcessingInitializeOnLoad (7ms)
				EditorAssembliesLoaded (0ms)
			ExecutionOrderSort2 (0ms)
			AwakeInstancesAfterBackupRestoration (6ms)
Platform modules already initialized, skipping
Refreshing native plugins compatible for Editor in 0.39 ms, found 2 plugins.
Preloading 0 native plugins for Editor in 0.00 ms.
Unloading 1498 Unused Serialized files (Serialized files now loaded: 0)
System memory in use before: 72.5 MB.
System memory in use after: 72.6 MB.

Unloading 14 unused Assets to reduce memory usage. Loaded Objects now: 1964.
Total: 2.589900 ms (FindLiveObjects: 0.155900 ms CreateObjectMapping: 0.031600 ms MarkObjects: 2.384200 ms  DeleteObjects: 0.017100 ms)

AssetImportParameters requested are different than current active one (requested -> active):
  custom:framework-win-MediaFoundation: 216162199b28c13a410421893ffa2e32 -> 
  custom:video-decoder-ogg-theora: a1e56fd34408186e4bbccfd4996cb3dc -> 
  custom:container-muxer-webm: aa71ff27fc2769a1b78a27578f13a17b -> 
  custom:container-demuxer-webm: 4f35f7cbe854078d1ac9338744f61a02 -> 
  custom:container-demuxer-ogg: 62fdf1f143b41e24485cea50d1cbac27 -> 
  custom:video-encoder-webm-vp8: eb34c28f22e8b96e1ab97ce403110664 -> 
  custom:video-decoder-webm-vp8: 9c59270c3fd7afecdb556c50c9e8de78 -> 
  custom:audio-decoder-ogg-vorbis: bf7c407c2cedff20999df2af8eb42d56 -> 
  custom:audio-encoder-webm-vorbis: bf7c407c2cedff20999df2af8eb42d56 -> 
========================================================================
Received Prepare
Registering precompiled user dll's ...
Registered in 0.002381 seconds.
Begin MonoManager ReloadAssembly
Native extension for WindowsStandalone target not found
Native extension for WebGL target not found
Refreshing native plugins compatible for Editor in 0.33 ms, found 2 plugins.
Preloading 0 native plugins for Editor in 0.00 ms.
Mono: successfully reloaded assembly
- Completed reload, in  0.798 seconds
Domain Reload Profiling:
	ReloadAssembly (799ms)
		BeginReloadAssembly (92ms)
			ExecutionOrderSort (0ms)
			DisableScriptedObjects (4ms)
			BackupInstance (0ms)
			ReleaseScriptingObjects (0ms)
			CreateAndSetChildDomain (26ms)
		EndReloadAssembly (652ms)
			LoadAssemblies (69ms)
			RebuildTransferFunctionScriptingTraits (0ms)
			SetupTypeCache (229ms)
			ReleaseScriptCaches (1ms)
			RebuildScriptCaches (33ms)
			SetupLoadedEditorAssemblies (243ms)
				LogAssemblyErrors (0ms)
				InitializePlatformSupportModulesInManaged (5ms)
				SetLoadedEditorAssemblies (0ms)
				RefreshPlugins (0ms)
				BeforeProcessingInitializeOnLoad (73ms)
				ProcessInitializeOnLoadAttributes (152ms)
				ProcessInitializeOnLoadMethodAttributes (7ms)
				AfterProcessingInitializeOnLoad (6ms)
				EditorAssembliesLoaded (0ms)
			ExecutionOrderSort2 (0ms)
			AwakeInstancesAfterBackupRestoration (6ms)
Platform modules already initialized, skipping
Refreshing native plugins compatible for Editor in 0.33 ms, found 2 plugins.
Preloading 0 native plugins for Editor in 0.00 ms.
Unloading 1498 Unused Serialized files (Serialized files now loaded: 0)
System memory in use before: 72.5 MB.
System memory in use after: 72.6 MB.

Unloading 14 unused Assets to reduce memory usage. Loaded Objects now: 1966.
Total: 2.491600 ms (FindLiveObjects: 0.128100 ms CreateObjectMapping: 0.031900 ms MarkObjects: 2.318200 ms  DeleteObjects: 0.012800 ms)

AssetImportParameters requested are different than current active one (requested -> active):
  custom:framework-win-MediaFoundation: 216162199b28c13a410421893ffa2e32 -> 
  custom:video-decoder-ogg-theora: a1e56fd34408186e4bbccfd4996cb3dc -> 
  custom:container-muxer-webm: aa71ff27fc2769a1b78a27578f13a17b -> 
  custom:container-demuxer-webm: 4f35f7cbe854078d1ac9338744f61a02 -> 
  custom:container-demuxer-ogg: 62fdf1f143b41e24485cea50d1cbac27 -> 
  custom:video-encoder-webm-vp8: eb34c28f22e8b96e1ab97ce403110664 -> 
  custom:video-decoder-webm-vp8: 9c59270c3fd7afecdb556c50c9e8de78 -> 
  custom:audio-decoder-ogg-vorbis: bf7c407c2cedff20999df2af8eb42d56 -> 
  custom:audio-encoder-webm-vorbis: bf7c407c2cedff20999df2af8eb42d56 -> 
AssetImportWorkerClient::OnTransportError - code=2 error=End of file
